0    [AWT-EventQueue-0] INFO  ca.sqlpower.architect.ArchitectUtils  - Log4J configured successfully
941  [AWT-EventQueue-0] INFO  ca.sqlpower.sql.PlDotIni  - Beginning to read/merge new pl.ini data
1045 [AWT-EventQueue-0] INFO  ca.sqlpower.sql.PlDotIni  - Finished reading file.
1046 [AWT-EventQueue-0] INFO  ca.sqlpower.sql.PlDotIni  - Beginning to read/merge new pl.ini data
1122 [AWT-EventQueue-0] INFO  ca.sqlpower.sql.PlDotIni  - Finished reading file.
23157 [Thread-5] ERROR ca.sqlpower.architect.swingui.action.CheckForUpdateAction  - Fail to retrieve current version number!
60269 [AWT-EventQueue-0] INFO  ca.sqlpower.architect.swingui.PlayPen  - Drop: I am over dtde=java.awt.dnd.DropTargetDropEvent[source=java.awt.dnd.DropTarget@1d946a2b]
60277 [Objects-Adder] INFO  ca.sqlpower.architect.swingui.PlayPen  - AddObjectsTask starting on thread Objects-Adder
60289 [Objects-Adder] INFO  ca.sqlpower.architect.swingui.PlayPen  - AddObjectsTask done
60307 [AWT-EventQueue-0] ERROR ca.sqlpower.architect.swingui.PlayPen  - Unknown object dropped in PlayPen: Type_de_voie: VARCHAR
162788 [AWT-EventQueue-0] INFO  ca.sqlpower.architect.swingui.PlayPen  - Drop: I am over dtde=java.awt.dnd.DropTargetDropEvent[source=java.awt.dnd.DropTarget@1d946a2b]
164483 [AWT-EventQueue-0] INFO  ca.sqlpower.object.undo.PropertyChangeEdit  - Found setter: setLengths
164487 [AWT-EventQueue-0] INFO  ca.sqlpower.object.undo.PropertyChangeEdit  - Found setter: setLengths
164488 [AWT-EventQueue-0] INFO  ca.sqlpower.object.undo.PropertyChangeEdit  - Found setter: setLengths
164488 [AWT-EventQueue-0] INFO  ca.sqlpower.object.undo.PropertyChangeEdit  - Found setter: setLengths
184972 [AWT-EventQueue-0] INFO  ca.sqlpower.architect.swingui.PlayPen  - Drop: I am over dtde=java.awt.dnd.DropTargetDropEvent[source=java.awt.dnd.DropTarget@1d946a2b]
204965 [AWT-EventQueue-0] INFO  ca.sqlpower.object.undo.PropertyChangeEdit  - Found setter: setLengths
204966 [AWT-EventQueue-0] INFO  ca.sqlpower.object.undo.PropertyChangeEdit  - Found setter: setLengths
204967 [AWT-EventQueue-0] INFO  ca.sqlpower.object.undo.PropertyChangeEdit  - Found setter: setLengths
204967 [AWT-EventQueue-0] INFO  ca.sqlpower.object.undo.PropertyChangeEdit  - Found setter: setLengths
206317 [AWT-EventQueue-0] INFO  ca.sqlpower.object.undo.PropertyChangeEdit  - Found setter: setTopLeftCorner
206317 [AWT-EventQueue-0] INFO  ca.sqlpower.object.undo.PropertyChangeEdit  - Found setter: setTopLeftCorner
206317 [AWT-EventQueue-0] INFO  ca.sqlpower.object.undo.PropertyChangeEdit  - Found setter: setTopLeftCorner
206318 [AWT-EventQueue-0] INFO  ca.sqlpower.object.undo.PropertyChangeEdit  - Found setter: setTopLeftCorner
206318 [AWT-EventQueue-0] INFO  ca.sqlpower.object.undo.PropertyChangeEdit  - Found setter: setTopLeftCorner
206318 [AWT-EventQueue-0] INFO  ca.sqlpower.object.undo.PropertyChangeEdit  - Found setter: setTopLeftCorner
206318 [AWT-EventQueue-0] INFO  ca.sqlpower.object.undo.PropertyChangeEdit  - Found setter: setTopLeftCorner
206319 [AWT-EventQueue-0] INFO  ca.sqlpower.object.undo.PropertyChangeEdit  - Found setter: setTopLeftCorner
206319 [AWT-EventQueue-0] INFO  ca.sqlpower.object.undo.PropertyChangeEdit  - Found setter: setTopLeftCorner
206319 [AWT-EventQueue-0] INFO  ca.sqlpower.object.undo.PropertyChangeEdit  - Found setter: setTopLeftCorner
206319 [AWT-EventQueue-0] INFO  ca.sqlpower.object.undo.PropertyChangeEdit  - Found setter: setTopLeftCorner
206320 [AWT-EventQueue-0] INFO  ca.sqlpower.object.undo.PropertyChangeEdit  - Found setter: setTopLeftCorner
206320 [AWT-EventQueue-0] INFO  ca.sqlpower.object.undo.PropertyChangeEdit  - Found setter: setTopLeftCorner
206320 [AWT-EventQueue-0] INFO  ca.sqlpower.object.undo.PropertyChangeEdit  - Found setter: setTopLeftCorner
206320 [AWT-EventQueue-0] INFO  ca.sqlpower.object.undo.PropertyChangeEdit  - Found setter: setTopLeftCorner
206320 [AWT-EventQueue-0] INFO  ca.sqlpower.object.undo.PropertyChangeEdit  - Found setter: setLengths
206320 [AWT-EventQueue-0] INFO  ca.sqlpower.object.undo.PropertyChangeEdit  - Found setter: setTopLeftCorner
206321 [AWT-EventQueue-0] INFO  ca.sqlpower.object.undo.PropertyChangeEdit  - Found setter: setTopLeftCorner
206321 [AWT-EventQueue-0] INFO  ca.sqlpower.object.undo.PropertyChangeEdit  - Found setter: setLengths
206321 [AWT-EventQueue-0] INFO  ca.sqlpower.object.undo.PropertyChangeEdit  - Found setter: setTopLeftCorner
206321 [AWT-EventQueue-0] INFO  ca.sqlpower.object.undo.PropertyChangeEdit  - Found setter: setLengths
206321 [AWT-EventQueue-0] INFO  ca.sqlpower.object.undo.PropertyChangeEdit  - Found setter: setTopLeftCorner
206321 [AWT-EventQueue-0] INFO  ca.sqlpower.object.undo.PropertyChangeEdit  - Found setter: setTopLeftCorner
206321 [AWT-EventQueue-0] INFO  ca.sqlpower.object.undo.PropertyChangeEdit  - Found setter: setLengths
206322 [AWT-EventQueue-0] INFO  ca.sqlpower.object.undo.PropertyChangeEdit  - Found setter: setTopLeftCorner
206322 [AWT-EventQueue-0] INFO  ca.sqlpower.object.undo.PropertyChangeEdit  - Found setter: setTopLeftCorner
206323 [AWT-EventQueue-0] INFO  ca.sqlpower.object.undo.PropertyChangeEdit  - Found setter: setLengths
206323 [AWT-EventQueue-0] INFO  ca.sqlpower.object.undo.PropertyChangeEdit  - Found setter: setTopLeftCorner
206323 [AWT-EventQueue-0] INFO  ca.sqlpower.object.undo.PropertyChangeEdit  - Found setter: setLengths
206323 [AWT-EventQueue-0] INFO  ca.sqlpower.object.undo.PropertyChangeEdit  - Found setter: setTopLeftCorner
206323 [AWT-EventQueue-0] INFO  ca.sqlpower.object.undo.PropertyChangeEdit  - Found setter: setTopLeftCorner
206323 [AWT-EventQueue-0] INFO  ca.sqlpower.object.undo.PropertyChangeEdit  - Found setter: setLengths
206323 [AWT-EventQueue-0] INFO  ca.sqlpower.object.undo.PropertyChangeEdit  - Found setter: setTopLeftCorner
206323 [AWT-EventQueue-0] INFO  ca.sqlpower.object.undo.PropertyChangeEdit  - Found setter: setTopLeftCorner
206323 [AWT-EventQueue-0] INFO  ca.sqlpower.object.undo.PropertyChangeEdit  - Found setter: setLengths
206324 [AWT-EventQueue-0] INFO  ca.sqlpower.object.undo.PropertyChangeEdit  - Found setter: setTopLeftCorner
206324 [AWT-EventQueue-0] INFO  ca.sqlpower.object.undo.PropertyChangeEdit  - Found setter: setTopLeftCorner
206324 [AWT-EventQueue-0] INFO  ca.sqlpower.object.undo.PropertyChangeEdit  - Found setter: setLengths
206324 [AWT-EventQueue-0] INFO  ca.sqlpower.object.undo.PropertyChangeEdit  - Found setter: setTopLeftCorner
206324 [AWT-EventQueue-0] INFO  ca.sqlpower.object.undo.PropertyChangeEdit  - Found setter: setTopLeftCorner
206324 [AWT-EventQueue-0] INFO  ca.sqlpower.object.undo.PropertyChangeEdit  - Found setter: setLengths
206324 [AWT-EventQueue-0] INFO  ca.sqlpower.object.undo.PropertyChangeEdit  - Found setter: setTopLeftCorner
206325 [AWT-EventQueue-0] INFO  ca.sqlpower.object.undo.PropertyChangeEdit  - Found setter: setLengths
206325 [AWT-EventQueue-0] INFO  ca.sqlpower.object.undo.PropertyChangeEdit  - Found setter: setTopLeftCorner
206325 [AWT-EventQueue-0] INFO  ca.sqlpower.object.undo.PropertyChangeEdit  - Found setter: setTopLeftCorner
206325 [AWT-EventQueue-0] INFO  ca.sqlpower.object.undo.PropertyChangeEdit  - Found setter: setLengths
206325 [AWT-EventQueue-0] INFO  ca.sqlpower.object.undo.PropertyChangeEdit  - Found setter: setTopLeftCorner
206325 [AWT-EventQueue-0] INFO  ca.sqlpower.object.undo.PropertyChangeEdit  - Found setter: setLengths
206325 [AWT-EventQueue-0] INFO  ca.sqlpower.object.undo.PropertyChangeEdit  - Found setter: setTopLeftCorner
206325 [AWT-EventQueue-0] INFO  ca.sqlpower.object.undo.PropertyChangeEdit  - Found setter: setTopLeftCorner
206325 [AWT-EventQueue-0] INFO  ca.sqlpower.object.undo.PropertyChangeEdit  - Found setter: setLengths
206325 [AWT-EventQueue-0] INFO  ca.sqlpower.object.undo.PropertyChangeEdit  - Found setter: setTopLeftCorner
206325 [AWT-EventQueue-0] INFO  ca.sqlpower.object.undo.PropertyChangeEdit  - Found setter: setLengths
206327 [AWT-EventQueue-0] INFO  ca.sqlpower.object.undo.PropertyChangeEdit  - Found setter: setTopLeftCorner
206327 [AWT-EventQueue-0] INFO  ca.sqlpower.object.undo.PropertyChangeEdit  - Found setter: setTopLeftCorner
206327 [AWT-EventQueue-0] INFO  ca.sqlpower.object.undo.PropertyChangeEdit  - Found setter: setLengths
206327 [AWT-EventQueue-0] INFO  ca.sqlpower.object.undo.PropertyChangeEdit  - Found setter: setTopLeftCorner
206327 [AWT-EventQueue-0] INFO  ca.sqlpower.object.undo.PropertyChangeEdit  - Found setter: setLengths
206327 [AWT-EventQueue-0] INFO  ca.sqlpower.object.undo.PropertyChangeEdit  - Found setter: setTopLeftCorner
206328 [AWT-EventQueue-0] INFO  ca.sqlpower.object.undo.PropertyChangeEdit  - Found setter: setLengths
206328 [AWT-EventQueue-0] INFO  ca.sqlpower.object.undo.PropertyChangeEdit  - Found setter: setTopLeftCorner
206328 [AWT-EventQueue-0] INFO  ca.sqlpower.object.undo.PropertyChangeEdit  - Found setter: setLengths
206328 [AWT-EventQueue-0] INFO  ca.sqlpower.object.undo.PropertyChangeEdit  - Found setter: setTopLeftCorner
206328 [AWT-EventQueue-0] INFO  ca.sqlpower.object.undo.PropertyChangeEdit  - Found setter: setTopLeftCorner
206328 [AWT-EventQueue-0] INFO  ca.sqlpower.object.undo.PropertyChangeEdit  - Found setter: setLengths
206329 [AWT-EventQueue-0] INFO  ca.sqlpower.object.undo.PropertyChangeEdit  - Found setter: setTopLeftCorner
206329 [AWT-EventQueue-0] INFO  ca.sqlpower.object.undo.PropertyChangeEdit  - Found setter: setLengths
206329 [AWT-EventQueue-0] INFO  ca.sqlpower.object.undo.PropertyChangeEdit  - Found setter: setTopLeftCorner
206329 [AWT-EventQueue-0] INFO  ca.sqlpower.object.undo.PropertyChangeEdit  - Found setter: setTopLeftCorner
206329 [AWT-EventQueue-0] INFO  ca.sqlpower.object.undo.PropertyChangeEdit  - Found setter: setLengths
206330 [AWT-EventQueue-0] INFO  ca.sqlpower.object.undo.PropertyChangeEdit  - Found setter: setTopLeftCorner
206330 [AWT-EventQueue-0] INFO  ca.sqlpower.object.undo.PropertyChangeEdit  - Found setter: setLengths
206330 [AWT-EventQueue-0] INFO  ca.sqlpower.object.undo.PropertyChangeEdit  - Found setter: setTopLeftCorner
206330 [AWT-EventQueue-0] INFO  ca.sqlpower.object.undo.PropertyChangeEdit  - Found setter: setTopLeftCorner
206330 [AWT-EventQueue-0] INFO  ca.sqlpower.object.undo.PropertyChangeEdit  - Found setter: setLengths
206331 [AWT-EventQueue-0] INFO  ca.sqlpower.object.undo.PropertyChangeEdit  - Found setter: setTopLeftCorner
206331 [AWT-EventQueue-0] INFO  ca.sqlpower.object.undo.PropertyChangeEdit  - Found setter: setLengths
206331 [AWT-EventQueue-0] INFO  ca.sqlpower.object.undo.PropertyChangeEdit  - Found setter: setTopLeftCorner
206331 [AWT-EventQueue-0] INFO  ca.sqlpower.object.undo.PropertyChangeEdit  - Found setter: setLengths
206331 [AWT-EventQueue-0] INFO  ca.sqlpower.object.undo.PropertyChangeEdit  - Found setter: setTopLeftCorner
206332 [AWT-EventQueue-0] INFO  ca.sqlpower.object.undo.PropertyChangeEdit  - Found setter: setLengths
206332 [AWT-EventQueue-0] INFO  ca.sqlpower.object.undo.PropertyChangeEdit  - Found setter: setTopLeftCorner
206332 [AWT-EventQueue-0] INFO  ca.sqlpower.object.undo.PropertyChangeEdit  - Found setter: setLengths
206332 [AWT-EventQueue-0] INFO  ca.sqlpower.object.undo.PropertyChangeEdit  - Found setter: setTopLeftCorner
206332 [AWT-EventQueue-0] INFO  ca.sqlpower.object.undo.PropertyChangeEdit  - Found setter: setTopLeftCorner
206333 [AWT-EventQueue-0] INFO  ca.sqlpower.object.undo.PropertyChangeEdit  - Found setter: setLengths
206333 [AWT-EventQueue-0] INFO  ca.sqlpower.object.undo.PropertyChangeEdit  - Found setter: setTopLeftCorner
206333 [AWT-EventQueue-0] INFO  ca.sqlpower.object.undo.PropertyChangeEdit  - Found setter: setLengths
206333 [AWT-EventQueue-0] INFO  ca.sqlpower.object.undo.PropertyChangeEdit  - Found setter: setTopLeftCorner
206333 [AWT-EventQueue-0] INFO  ca.sqlpower.object.undo.PropertyChangeEdit  - Found setter: setTopLeftCorner
206333 [AWT-EventQueue-0] INFO  ca.sqlpower.object.undo.PropertyChangeEdit  - Found setter: setLengths
206333 [AWT-EventQueue-0] INFO  ca.sqlpower.object.undo.PropertyChangeEdit  - Found setter: setTopLeftCorner
206334 [AWT-EventQueue-0] INFO  ca.sqlpower.object.undo.PropertyChangeEdit  - Found setter: setLengths
206334 [AWT-EventQueue-0] INFO  ca.sqlpower.object.undo.PropertyChangeEdit  - Found setter: setTopLeftCorner
206334 [AWT-EventQueue-0] INFO  ca.sqlpower.object.undo.PropertyChangeEdit  - Found setter: setLengths
206334 [AWT-EventQueue-0] INFO  ca.sqlpower.object.undo.PropertyChangeEdit  - Found setter: setTopLeftCorner
206334 [AWT-EventQueue-0] INFO  ca.sqlpower.object.undo.PropertyChangeEdit  - Found setter: setTopLeftCorner
206334 [AWT-EventQueue-0] INFO  ca.sqlpower.object.undo.PropertyChangeEdit  - Found setter: setLengths
206335 [AWT-EventQueue-0] INFO  ca.sqlpower.object.undo.PropertyChangeEdit  - Found setter: setTopLeftCorner
206335 [AWT-EventQueue-0] INFO  ca.sqlpower.object.undo.PropertyChangeEdit  - Found setter: setLengths
206335 [AWT-EventQueue-0] INFO  ca.sqlpower.object.undo.PropertyChangeEdit  - Found setter: setTopLeftCorner
206337 [AWT-EventQueue-0] INFO  ca.sqlpower.object.undo.PropertyChangeEdit  - Found setter: setLengths
206337 [AWT-EventQueue-0] INFO  ca.sqlpower.object.undo.PropertyChangeEdit  - Found setter: setTopLeftCorner
206338 [AWT-EventQueue-0] INFO  ca.sqlpower.object.undo.PropertyChangeEdit  - Found setter: setLengths
206338 [AWT-EventQueue-0] INFO  ca.sqlpower.object.undo.PropertyChangeEdit  - Found setter: setTopLeftCorner
206338 [AWT-EventQueue-0] INFO  ca.sqlpower.object.undo.PropertyChangeEdit  - Found setter: setTopLeftCorner
206338 [AWT-EventQueue-0] INFO  ca.sqlpower.object.undo.PropertyChangeEdit  - Found setter: setLengths
206338 [AWT-EventQueue-0] INFO  ca.sqlpower.object.undo.PropertyChangeEdit  - Found setter: setTopLeftCorner
206339 [AWT-EventQueue-0] INFO  ca.sqlpower.object.undo.PropertyChangeEdit  - Found setter: setLengths
206339 [AWT-EventQueue-0] INFO  ca.sqlpower.object.undo.PropertyChangeEdit  - Found setter: setTopLeftCorner
206339 [AWT-EventQueue-0] INFO  ca.sqlpower.object.undo.PropertyChangeEdit  - Found setter: setLengths
206339 [AWT-EventQueue-0] INFO  ca.sqlpower.object.undo.PropertyChangeEdit  - Found setter: setTopLeftCorner
206339 [AWT-EventQueue-0] INFO  ca.sqlpower.object.undo.PropertyChangeEdit  - Found setter: setLengths
206339 [AWT-EventQueue-0] INFO  ca.sqlpower.object.undo.PropertyChangeEdit  - Found setter: setTopLeftCorner
206339 [AWT-EventQueue-0] INFO  ca.sqlpower.object.undo.PropertyChangeEdit  - Found setter: setTopLeftCorner
206340 [AWT-EventQueue-0] INFO  ca.sqlpower.object.undo.PropertyChangeEdit  - Found setter: setLengths
206340 [AWT-EventQueue-0] INFO  ca.sqlpower.object.undo.PropertyChangeEdit  - Found setter: setTopLeftCorner
206340 [AWT-EventQueue-0] INFO  ca.sqlpower.object.undo.PropertyChangeEdit  - Found setter: setLengths
206340 [AWT-EventQueue-0] INFO  ca.sqlpower.object.undo.PropertyChangeEdit  - Found setter: setTopLeftCorner
206340 [AWT-EventQueue-0] INFO  ca.sqlpower.object.undo.PropertyChangeEdit  - Found setter: setLengths
206340 [AWT-EventQueue-0] INFO  ca.sqlpower.object.undo.PropertyChangeEdit  - Found setter: setTopLeftCorner
206340 [AWT-EventQueue-0] INFO  ca.sqlpower.object.undo.PropertyChangeEdit  - Found setter: setLengths
206340 [AWT-EventQueue-0] INFO  ca.sqlpower.object.undo.PropertyChangeEdit  - Found setter: setTopLeftCorner
206341 [AWT-EventQueue-0] INFO  ca.sqlpower.object.undo.PropertyChangeEdit  - Found setter: setLengths
206341 [AWT-EventQueue-0] INFO  ca.sqlpower.object.undo.PropertyChangeEdit  - Found setter: setTopLeftCorner
206341 [AWT-EventQueue-0] INFO  ca.sqlpower.object.undo.PropertyChangeEdit  - Found setter: setTopLeftCorner
206341 [AWT-EventQueue-0] INFO  ca.sqlpower.object.undo.PropertyChangeEdit  - Found setter: setLengths
206341 [AWT-EventQueue-0] INFO  ca.sqlpower.object.undo.PropertyChangeEdit  - Found setter: setTopLeftCorner
206341 [AWT-EventQueue-0] INFO  ca.sqlpower.object.undo.PropertyChangeEdit  - Found setter: setTopLeftCorner
206341 [AWT-EventQueue-0] INFO  ca.sqlpower.object.undo.PropertyChangeEdit  - Found setter: setLengths
206341 [AWT-EventQueue-0] INFO  ca.sqlpower.object.undo.PropertyChangeEdit  - Found setter: setTopLeftCorner
206342 [AWT-EventQueue-0] INFO  ca.sqlpower.object.undo.PropertyChangeEdit  - Found setter: setLengths
206342 [AWT-EventQueue-0] INFO  ca.sqlpower.object.undo.PropertyChangeEdit  - Found setter: setTopLeftCorner
206342 [AWT-EventQueue-0] INFO  ca.sqlpower.object.undo.PropertyChangeEdit  - Found setter: setLengths
206342 [AWT-EventQueue-0] INFO  ca.sqlpower.object.undo.PropertyChangeEdit  - Found setter: setTopLeftCorner
206342 [AWT-EventQueue-0] INFO  ca.sqlpower.object.undo.PropertyChangeEdit  - Found setter: setLengths
206342 [AWT-EventQueue-0] INFO  ca.sqlpower.object.undo.PropertyChangeEdit  - Found setter: setTopLeftCorner
206342 [AWT-EventQueue-0] INFO  ca.sqlpower.object.undo.PropertyChangeEdit  - Found setter: setTopLeftCorner
206343 [AWT-EventQueue-0] INFO  ca.sqlpower.object.undo.PropertyChangeEdit  - Found setter: setLengths
206343 [AWT-EventQueue-0] INFO  ca.sqlpower.object.undo.PropertyChangeEdit  - Found setter: setTopLeftCorner
206343 [AWT-EventQueue-0] INFO  ca.sqlpower.object.undo.PropertyChangeEdit  - Found setter: setLengths
206343 [AWT-EventQueue-0] INFO  ca.sqlpower.object.undo.PropertyChangeEdit  - Found setter: setTopLeftCorner
206343 [AWT-EventQueue-0] INFO  ca.sqlpower.object.undo.PropertyChangeEdit  - Found setter: setLengths
206343 [AWT-EventQueue-0] INFO  ca.sqlpower.object.undo.PropertyChangeEdit  - Found setter: setTopLeftCorner
206343 [AWT-EventQueue-0] INFO  ca.sqlpower.object.undo.PropertyChangeEdit  - Found setter: setLengths
206940 [AWT-EventQueue-0] INFO  ca.sqlpower.object.undo.PropertyChangeEdit  - Found setter: setTopLeftCorner
206940 [AWT-EventQueue-0] INFO  ca.sqlpower.object.undo.PropertyChangeEdit  - Found setter: setLengths
207559 [AWT-EventQueue-0] INFO  ca.sqlpower.object.undo.PropertyChangeEdit  - Found setter: setLengths
4670796 [AWT-EventQueue-0] INFO  ca.sqlpower.object.undo.PropertyChangeEdit  - Found setter: setLengths
4965469 [AWT-EventQueue-0] INFO  ca.sqlpower.object.undo.PropertyChangeEdit  - Found setter: setLengths
4965470 [AWT-EventQueue-0] INFO  ca.sqlpower.object.undo.PropertyChangeEdit  - Found setter: setLengths
5030260 [AWT-EventQueue-0] INFO  ca.sqlpower.object.undo.PropertyChangeEdit  - Found setter: setLengths
5153449 [AWT-EventQueue-0] INFO  ca.sqlpower.object.undo.PropertyChangeEdit  - Found setter: setLengths
5153450 [AWT-EventQueue-0] INFO  ca.sqlpower.object.undo.PropertyChangeEdit  - Found setter: setLengths
5153461 [AWT-EventQueue-0] INFO  ca.sqlpower.object.undo.PropertyChangeEdit  - Found setter: setLengths
5172635 [AWT-EventQueue-0] INFO  ca.sqlpower.object.undo.PropertyChangeEdit  - Found setter: setLengths
5228267 [AWT-EventQueue-0] INFO  ca.sqlpower.architect.swingui.DBTree  - Drag gesture event: java.awt.dnd.DragGestureEvent[source=sun.awt.windows.WMouseDragGestureRecognizer@250d02fe]
5228267 [AWT-EventQueue-0] INFO  ca.sqlpower.architect.swingui.DBTree  - DBTree: exporting list of DnD-type tree paths
5228319 [AWT-EventQueue-0] ERROR ca.sqlpower.architect.swingui.ExceptionHandler  - Uncaught exception
java.lang.ArrayIndexOutOfBoundsException: -1
	at java.util.ArrayList.elementData(Unknown Source)
	at java.util.ArrayList.get(Unknown Source)
	at java.util.Collections$UnmodifiableList.get(Unknown Source)
	at ca.sqlpower.architect.swingui.ArchitectFrame$TabDropTargetListener.drop(ArchitectFrame.java:1677)
	at java.awt.dnd.DropTarget.drop(Unknown Source)
	at sun.awt.dnd.SunDropTargetContextPeer.processDropMessage(Unknown Source)
	at sun.awt.dnd.SunDropTargetContextPeer$EventDispatcher.dispatchDropEvent(Unknown Source)
	at sun.awt.dnd.SunDropTargetContextPeer$EventDispatcher.dispatchEvent(Unknown Source)
	at sun.awt.dnd.SunDropTargetEvent.dispatch(Unknown Source)
	at java.awt.Component.dispatchEventImpl(Unknown Source)
	at java.awt.Container.dispatchEventImpl(Unknown Source)
	at java.awt.Component.dispatchEvent(Unknown Source)
	at java.awt.LightweightDispatcher.retargetMouseEvent(Unknown Source)
	at java.awt.LightweightDispatcher.processDropTargetEvent(Unknown Source)
	at java.awt.LightweightDispatcher.dispatchEvent(Unknown Source)
	at java.awt.Container.dispatchEventImpl(Unknown Source)
	at java.awt.Window.dispatchEventImpl(Unknown Source)
	at java.awt.Component.dispatchEvent(Unknown Source)
	at java.awt.EventQueue.dispatchEventImpl(Unknown Source)
	at java.awt.EventQueue.access$500(Unknown Source)
	at java.awt.EventQueue$3.run(Unknown Source)
	at java.awt.EventQueue$3.run(Unknown Source)
	at java.security.AccessController.doPrivileged(Native Method)
	at java.security.ProtectionDomain$JavaSecurityAccessImpl.doIntersectionPrivilege(Unknown Source)
	at java.security.ProtectionDomain$JavaSecurityAccessImpl.doIntersectionPrivilege(Unknown Source)
	at java.awt.EventQueue$4.run(Unknown Source)
	at java.awt.EventQueue$4.run(Unknown Source)
	at java.security.AccessController.doPrivileged(Native Method)
	at java.security.ProtectionDomain$JavaSecurityAccessImpl.doIntersectionPrivilege(Unknown Source)
	at java.awt.EventQueue.dispatchEvent(Unknown Source)
	at java.awt.EventDispatchThread.pumpOneEventForFilters(Unknown Source)
	at java.awt.EventDispatchThread.pumpEventsForFilter(Unknown Source)
	at java.awt.EventDispatchThread.pumpEventsForHierarchy(Unknown Source)
	at java.awt.EventDispatchThread.pumpEvents(Unknown Source)
	at java.awt.EventDispatchThread.pumpEvents(Unknown Source)
	at java.awt.EventDispatchThread.run(Unknown Source)
5228538 [AWT-EventQueue-0] INFO  ca.sqlpower.util.ExceptionReport  - Posting error report to SQL Power at URL <http://bugs.sqlpower.ca/architect/postReport>
5231806 [AWT-EventQueue-0] ERROR ca.sqlpower.util.ExceptionReport  - Couldn't send exception report to <"http://bugs.sqlpower.ca/architect/postReport">
java.net.SocketTimeoutException: connect timed out
	at java.net.DualStackPlainSocketImpl.waitForConnect(Native Method)
	at java.net.DualStackPlainSocketImpl.socketConnect(Unknown Source)
	at java.net.AbstractPlainSocketImpl.doConnect(Unknown Source)
	at java.net.AbstractPlainSocketImpl.connectToAddress(Unknown Source)
	at java.net.AbstractPlainSocketImpl.connect(Unknown Source)
	at java.net.PlainSocketImpl.connect(Unknown Source)
	at java.net.SocksSocketImpl.connect(Unknown Source)
	at java.net.Socket.connect(Unknown Source)
	at sun.net.NetworkClient.doConnect(Unknown Source)
	at sun.net.www.http.HttpClient.openServer(Unknown Source)
	at sun.net.www.http.HttpClient.openServer(Unknown Source)
	at sun.net.www.http.HttpClient.<init>(Unknown Source)
	at sun.net.www.http.HttpClient.New(Unknown Source)
	at sun.net.www.http.HttpClient.New(Unknown Source)
	at sun.net.www.protocol.http.HttpURLConnection.getNewHttpClient(Unknown Source)
	at sun.net.www.protocol.http.HttpURLConnection.plainConnect0(Unknown Source)
	at sun.net.www.protocol.http.HttpURLConnection.plainConnect(Unknown Source)
	at sun.net.www.protocol.http.HttpURLConnection.connect(Unknown Source)
	at ca.sqlpower.util.ExceptionReport.send(ExceptionReport.java:283)
	at ca.sqlpower.architect.swingui.ExceptionHandler.handleAndReport(ExceptionHandler.java:117)
	at ca.sqlpower.architect.swingui.ExceptionHandler.uncaughtException(ExceptionHandler.java:74)
	at java.lang.ThreadGroup.uncaughtException(Unknown Source)
	at java.lang.ThreadGroup.uncaughtException(Unknown Source)
	at java.awt.EventDispatchThread.processException(Unknown Source)
	at java.awt.EventDispatchThread.pumpOneEventForFilters(Unknown Source)
	at java.awt.EventDispatchThread.pumpEventsForFilter(Unknown Source)
	at java.awt.EventDispatchThread.pumpEventsForHierarchy(Unknown Source)
	at java.awt.EventDispatchThread.pumpEvents(Unknown Source)
	at java.awt.EventDispatchThread.pumpEvents(Unknown Source)
	at java.awt.EventDispatchThread.run(Unknown Source)
5343484 [AWT-EventQueue-0] INFO  ca.sqlpower.object.undo.PropertyChangeEdit  - Found setter: setLengths
6461675 [AWT-EventQueue-0] INFO  ca.sqlpower.object.undo.PropertyChangeEdit  - Found setter: setLengths
6461680 [AWT-EventQueue-0] INFO  ca.sqlpower.object.undo.PropertyChangeEdit  - Found setter: setLengths
6461683 [AWT-EventQueue-0] INFO  ca.sqlpower.object.undo.PropertyChangeEdit  - Found setter: setLengths
6469390 [AWT-EventQueue-0] INFO  ca.sqlpower.object.undo.PropertyChangeEdit  - Found setter: setLengths
6469403 [AWT-EventQueue-0] INFO  ca.sqlpower.object.undo.PropertyChangeEdit  - Found setter: setLengths
6469405 [AWT-EventQueue-0] INFO  ca.sqlpower.object.undo.PropertyChangeEdit  - Found setter: setLengths
6472111 [AWT-EventQueue-0] INFO  ca.sqlpower.object.undo.PropertyChangeEdit  - Found setter: setLengths
6472111 [AWT-EventQueue-0] INFO  ca.sqlpower.object.undo.PropertyChangeEdit  - Found setter: setLengths
6472113 [AWT-EventQueue-0] INFO  ca.sqlpower.object.undo.PropertyChangeEdit  - Found setter: setLengths
6515446 [AWT-EventQueue-0] INFO  ca.sqlpower.object.undo.PropertyChangeEdit  - Found setter: setLengths
9454631 [AWT-EventQueue-0] INFO  ca.sqlpower.object.undo.PropertyChangeEdit  - Found setter: setLengths
9454638 [AWT-EventQueue-0] INFO  ca.sqlpower.object.undo.PropertyChangeEdit  - Found setter: setLengths
9496363 [AWT-EventQueue-0] INFO  ca.sqlpower.object.undo.PropertyChangeEdit  - Found setter: setTopLeftCorner
9496363 [AWT-EventQueue-0] INFO  ca.sqlpower.object.undo.PropertyChangeEdit  - Found setter: setLengths
9497781 [AWT-EventQueue-0] INFO  ca.sqlpower.object.undo.PropertyChangeEdit  - Found setter: setLengths
15991685 [AWT-EventQueue-0] WARN  ca.sqlpower.sqlobject.ForeignKeyColumnUpdaterPoolingSPListener  - Warning: unknown SQLTypePhysicalProperties property name changed while monitoring pkTable
15991696 [AWT-EventQueue-0] WARN  ca.sqlpower.sqlobject.ForeignKeyColumnUpdaterPoolingSPListener  - Warning: unknown SQLTypePhysicalProperties property precision changed while monitoring pkTable
15991697 [AWT-EventQueue-0] WARN  ca.sqlpower.sqlobject.ForeignKeyColumnUpdaterPoolingSPListener  - Warning: unknown UserDefinedSQLType property myAutoIncrement changed while monitoring pkTable
16278183 [AWT-EventQueue-0] INFO  ca.sqlpower.object.undo.PropertyChangeEdit  - Found setter: setLengths
16278183 [AWT-EventQueue-0] INFO  ca.sqlpower.object.undo.PropertyChangeEdit  - Found setter: setLengths
16434727 [AWT-EventQueue-0] INFO  ca.sqlpower.architect.swingui.PlayPen  - Drop: I am over dtde=java.awt.dnd.DropTargetDropEvent[source=java.awt.dnd.DropTarget@1d946a2b]
16441575 [AWT-EventQueue-0] INFO  ca.sqlpower.architect.ddl.GenericDDLGenerator  - endStatement: 
CREATE TABLE Region (
                reg_code INT NOT NULL,
                reg_nom VARCHAR(100) NOT NULL,
                PRIMARY KEY (reg_code)
)
16441575 [AWT-EventQueue-0] INFO  ca.sqlpower.architect.ddl.GenericDDLGenerator  - endStatement: 


CREATE TABLE Departement (
                dep_code CHAR(3) NOT NULL,
                reg_code INT NOT NULL,
                dep_nom VARCHAR(100) NOT NULL,
                PRIMARY KEY (dep_code)
)
16441575 [AWT-EventQueue-0] INFO  ca.sqlpower.architect.ddl.GenericDDLGenerator  - endStatement: 


CREATE TABLE Commune (
                com_code INT NOT NULL,
                dep_code CHAR(3) NOT NULL,
                com_nom VARCHAR(100) NOT NULL,
                PTOT INT NOT NULL,
                PRIMARY KEY (com_code)
)
16441576 [AWT-EventQueue-0] INFO  ca.sqlpower.architect.ddl.GenericDDLGenerator  - endStatement: 


CREATE TABLE Bien (
                Id_bien VARCHAR(100) NOT NULL,
                id_codedep_codecommune VARCHAR NOT NULL,
                No_voie INT NOT NULL,
                Type_de_voie VARCHAR(100) NOT NULL,
                Voie VARCHAR(100) NOT NULL,
                B_T_Q CHAR(1) NOT NULL,
                Surface_Carrez_du_1er_lot DOUBLE PRECISIONS NOT NULL,
                Surface_reelle_bati INT NOT NULL,
                Type_local VARCHAR(20) NOT NULL,
                Nombre_pieces_principales INT NOT NULL,
                reg_code INT NOT NULL,
                PRIMARY KEY (Id_bien)
)
16441577 [AWT-EventQueue-0] INFO  ca.sqlpower.architect.ddl.GenericDDLGenerator  - endStatement: 


CREATE TABLE Vente (
                Id_vente VARCHAR NOT NULL,
                Date_mutation DATE NOT NULL,
                Valeur_fonciere INT NOT NULL,
                Id_bien VARCHAR(100) NOT NULL,
                PRIMARY KEY (Id_vente)
)
16441577 [AWT-EventQueue-0] INFO  ca.sqlpower.architect.ddl.GenericDDLGenerator  - endStatement: 


ALTER TABLE Departement ADD CONSTRAINT region_departement_fk
FOREIGN KEY (reg_code)
REFERENCES Region (reg_code)
ON DELETE NO ACTION
ON UPDATE NO ACTION
16441577 [AWT-EventQueue-0] INFO  ca.sqlpower.architect.ddl.GenericDDLGenerator  - endStatement: 

ALTER TABLE Bien ADD CONSTRAINT region_bien_fk
FOREIGN KEY (reg_code)
REFERENCES Region (reg_code)
ON DELETE NO ACTION
ON UPDATE NO ACTION
16441578 [AWT-EventQueue-0] INFO  ca.sqlpower.architect.ddl.GenericDDLGenerator  - endStatement: 

ALTER TABLE Commune ADD CONSTRAINT departement_commune_fk
FOREIGN KEY (dep_code)
REFERENCES Departement (dep_code)
ON DELETE NO ACTION
ON UPDATE NO ACTION
16441579 [AWT-EventQueue-0] INFO  ca.sqlpower.architect.ddl.GenericDDLGenerator  - endStatement: 

ALTER TABLE Vente ADD CONSTRAINT bien_vente_fk
FOREIGN KEY (Id_bien)
REFERENCES Bien (Id_bien)
ON DELETE NO ACTION
ON UPDATE NO ACTION
16441590 [AWT-EventQueue-0] INFO  ca.sqlpower.architect.swingui.SQLScriptDialog  - The list size is :9
17038538 [AWT-EventQueue-0] INFO  ca.sqlpower.architect.ddl.GenericDDLGenerator  - endStatement: 
CREATE TABLE Region (
                reg_code INT NOT NULL,
                reg_nom VARCHAR(100) NOT NULL,
                PRIMARY KEY (reg_code)
)
17038538 [AWT-EventQueue-0] INFO  ca.sqlpower.architect.ddl.GenericDDLGenerator  - endStatement: 


CREATE TABLE Departement (
                dep_code CHAR(3) NOT NULL,
                reg_code INT NOT NULL,
                dep_nom VARCHAR(100) NOT NULL,
                PRIMARY KEY (dep_code)
)
17038538 [AWT-EventQueue-0] INFO  ca.sqlpower.architect.ddl.GenericDDLGenerator  - endStatement: 


CREATE TABLE Commune (
                com_code INT NOT NULL,
                dep_code CHAR(3) NOT NULL,
                com_nom VARCHAR(100) NOT NULL,
                PTOT INT NOT NULL,
                PRIMARY KEY (com_code)
)
17038538 [AWT-EventQueue-0] INFO  ca.sqlpower.architect.ddl.GenericDDLGenerator  - endStatement: 


CREATE TABLE Bien (
                Id_bien VARCHAR(100) NOT NULL,
                id_codedep_codecommune VARCHAR(100) NOT NULL,
                No_voie INT NOT NULL,
                Type_de_voie VARCHAR(100) NOT NULL,
                Voie VARCHAR(100) NOT NULL,
                B_T_Q CHAR(1) NOT NULL,
                Surface_Carrez_du_1er_lot DOUBLE PRECISIONS NOT NULL,
                Surface_reelle_bati INT NOT NULL,
                Type_local VARCHAR(20) NOT NULL,
                Nombre_pieces_principales INT NOT NULL,
                reg_code INT NOT NULL,
                PRIMARY KEY (Id_bien)
)
17038538 [AWT-EventQueue-0] INFO  ca.sqlpower.architect.ddl.GenericDDLGenerator  - endStatement: 


CREATE TABLE Vente (
                Id_vente VARCHAR NOT NULL,
                Date_mutation DATE NOT NULL,
                Valeur_fonciere INT NOT NULL,
                Id_bien VARCHAR(100) NOT NULL,
                PRIMARY KEY (Id_vente)
)
17038538 [AWT-EventQueue-0] INFO  ca.sqlpower.architect.ddl.GenericDDLGenerator  - endStatement: 


ALTER TABLE Departement ADD CONSTRAINT region_departement_fk
FOREIGN KEY (reg_code)
REFERENCES Region (reg_code)
ON DELETE NO ACTION
ON UPDATE NO ACTION
17038538 [AWT-EventQueue-0] INFO  ca.sqlpower.architect.ddl.GenericDDLGenerator  - endStatement: 

ALTER TABLE Bien ADD CONSTRAINT region_bien_fk
FOREIGN KEY (reg_code)
REFERENCES Region (reg_code)
ON DELETE NO ACTION
ON UPDATE NO ACTION
17038538 [AWT-EventQueue-0] INFO  ca.sqlpower.architect.ddl.GenericDDLGenerator  - endStatement: 

ALTER TABLE Commune ADD CONSTRAINT departement_commune_fk
FOREIGN KEY (dep_code)
REFERENCES Departement (dep_code)
ON DELETE NO ACTION
ON UPDATE NO ACTION
17038538 [AWT-EventQueue-0] INFO  ca.sqlpower.architect.ddl.GenericDDLGenerator  - endStatement: 

ALTER TABLE Vente ADD CONSTRAINT bien_vente_fk
FOREIGN KEY (Id_bien)
REFERENCES Bien (Id_bien)
ON DELETE NO ACTION
ON UPDATE NO ACTION
17038538 [AWT-EventQueue-0] INFO  ca.sqlpower.architect.swingui.SQLScriptDialog  - The list size is :9
17243837 [AWT-EventQueue-0] INFO  ca.sqlpower.architect.ddl.GenericDDLGenerator  - endStatement: 
CREATE TABLE Region (
                reg_code INT NOT NULL,
                reg_nom VARCHAR(100) NOT NULL,
                PRIMARY KEY (reg_code)
)
17243837 [AWT-EventQueue-0] INFO  ca.sqlpower.architect.ddl.GenericDDLGenerator  - endStatement: 


CREATE TABLE Departement (
                dep_code CHAR(3) NOT NULL,
                reg_code INT NOT NULL,
                dep_nom VARCHAR(100) NOT NULL,
                PRIMARY KEY (dep_code)
)
17243837 [AWT-EventQueue-0] INFO  ca.sqlpower.architect.ddl.GenericDDLGenerator  - endStatement: 


CREATE TABLE Commune (
                com_code INT NOT NULL,
                dep_code CHAR(3) NOT NULL,
                com_nom VARCHAR(100) NOT NULL,
                PTOT INT NOT NULL,
                PRIMARY KEY (com_code)
)
17243837 [AWT-EventQueue-0] INFO  ca.sqlpower.architect.ddl.GenericDDLGenerator  - endStatement: 


CREATE TABLE Bien (
                Id_bien VARCHAR(100) NOT NULL,
                id_codedep_codecommune VARCHAR(100) NOT NULL,
                No_voie INT NOT NULL,
                Type_de_voie VARCHAR(100) NOT NULL,
                Voie VARCHAR(100) NOT NULL,
                B_T_Q CHAR(1) NOT NULL,
                Surface_Carrez_du_1er_lot DOUBLE PRECISIONS NOT NULL,
                Surface_reelle_bati INT NOT NULL,
                Type_local VARCHAR(20) NOT NULL,
                Nombre_pieces_principales INT NOT NULL,
                reg_code INT NOT NULL,
                PRIMARY KEY (Id_bien)
)
17243837 [AWT-EventQueue-0] INFO  ca.sqlpower.architect.ddl.GenericDDLGenerator  - endStatement: 


CREATE TABLE Vente (
                Id_vente VARCHAR(100) NOT NULL,
                Date_mutation DATE NOT NULL,
                Valeur_fonciere INT NOT NULL,
                Id_bien VARCHAR(100) NOT NULL,
                PRIMARY KEY (Id_vente)
)
17243837 [AWT-EventQueue-0] INFO  ca.sqlpower.architect.ddl.GenericDDLGenerator  - endStatement: 


ALTER TABLE Departement ADD CONSTRAINT region_departement_fk
FOREIGN KEY (reg_code)
REFERENCES Region (reg_code)
ON DELETE NO ACTION
ON UPDATE NO ACTION
17243837 [AWT-EventQueue-0] INFO  ca.sqlpower.architect.ddl.GenericDDLGenerator  - endStatement: 

ALTER TABLE Bien ADD CONSTRAINT region_bien_fk
FOREIGN KEY (reg_code)
REFERENCES Region (reg_code)
ON DELETE NO ACTION
ON UPDATE NO ACTION
17243844 [AWT-EventQueue-0] INFO  ca.sqlpower.architect.ddl.GenericDDLGenerator  - endStatement: 

ALTER TABLE Commune ADD CONSTRAINT departement_commune_fk
FOREIGN KEY (dep_code)
REFERENCES Departement (dep_code)
ON DELETE NO ACTION
ON UPDATE NO ACTION
17243844 [AWT-EventQueue-0] INFO  ca.sqlpower.architect.ddl.GenericDDLGenerator  - endStatement: 

ALTER TABLE Vente ADD CONSTRAINT bien_vente_fk
FOREIGN KEY (Id_bien)
REFERENCES Bien (Id_bien)
ON DELETE NO ACTION
ON UPDATE NO ACTION
17243844 [AWT-EventQueue-0] INFO  ca.sqlpower.architect.swingui.SQLScriptDialog  - The list size is :9
0    [AWT-EventQueue-0] INFO  ca.sqlpower.architect.ArchitectUtils  - Log4J configured successfully
413  [AWT-EventQueue-0] INFO  ca.sqlpower.sql.PlDotIni  - Beginning to read/merge new pl.ini data
531  [AWT-EventQueue-0] INFO  ca.sqlpower.sql.PlDotIni  - Finished reading file.
536  [AWT-EventQueue-0] INFO  ca.sqlpower.sql.PlDotIni  - Beginning to read/merge new pl.ini data
600  [AWT-EventQueue-0] INFO  ca.sqlpower.sql.PlDotIni  - Finished reading file.
22348 [Thread-5] ERROR ca.sqlpower.architect.swingui.action.CheckForUpdateAction  - Fail to retrieve current version number!
14327358 [AWT-EventQueue-0] INFO  ca.sqlpower.architect.swingui.PlayPen  - Drop: I am over dtde=java.awt.dnd.DropTargetDropEvent[source=java.awt.dnd.DropTarget@5e1f9e2b]
15267341 [AWT-EventQueue-0] INFO  ca.sqlpower.object.undo.PropertyChangeEdit  - Found setter: setLengths
15267343 [AWT-EventQueue-0] INFO  ca.sqlpower.object.undo.PropertyChangeEdit  - Found setter: setLengths
15304428 [AWT-EventQueue-0] INFO  ca.sqlpower.object.undo.PropertyChangeEdit  - Found setter: setLengths
15304428 [AWT-EventQueue-0] INFO  ca.sqlpower.object.undo.PropertyChangeEdit  - Found setter: setLengths
15334360 [AWT-EventQueue-0] INFO  ca.sqlpower.architect.ddl.GenericDDLGenerator  - endStatement: 
CREATE TABLE Region (
                reg_code INT NOT NULL,
                reg_nom VARCHAR(100) NOT NULL,
                PRIMARY KEY (reg_code)
)
15334360 [AWT-EventQueue-0] INFO  ca.sqlpower.architect.ddl.GenericDDLGenerator  - endStatement: 


CREATE TABLE Departement (
                dep_code CHAR(3) NOT NULL,
                reg_code INT NOT NULL,
                dep_nom VARCHAR(100) NOT NULL,
                PRIMARY KEY (dep_code)
)
15334360 [AWT-EventQueue-0] INFO  ca.sqlpower.architect.ddl.GenericDDLGenerator  - endStatement: 


CREATE TABLE Commune (
                id_codedep_codecommune CHAR(5) NOT NULL,
                dep_code CHAR(3) NOT NULL,
                com_nom VARCHAR(100) NOT NULL,
                PTOT INT NOT NULL,
                PRIMARY KEY (id_codedep_codecommune)
)
15334361 [AWT-EventQueue-0] INFO  ca.sqlpower.architect.ddl.GenericDDLGenerator  - endStatement: 


CREATE TABLE Bien (
                Id_bien VARCHAR(100) NOT NULL,
                id_codedep_codecommune CHAR(5) NOT NULL,
                No_voie INT NOT NULL,
                Type_de_voie VARCHAR(100) NOT NULL,
                Voie VARCHAR(100) NOT NULL,
                B_T_Q CHAR(1) NOT NULL,
                Surface_Carrez_du_1er_lot DOUBLE PRECISIONS NOT NULL,
                Surface_reelle_bati INT NOT NULL,
                Type_local VARCHAR(20) NOT NULL,
                Nombre_pieces_principales INT NOT NULL,
                reg_code INT NOT NULL,
                PRIMARY KEY (Id_bien)
)
15334361 [AWT-EventQueue-0] INFO  ca.sqlpower.architect.ddl.GenericDDLGenerator  - endStatement: 


CREATE TABLE Vente (
                Id_vente BIGINT NOT NULL,
                Date_mutation DATE NOT NULL,
                Valeur_fonciere INT NOT NULL,
                Id_bien VARCHAR(100) NOT NULL,
                PRIMARY KEY (Id_vente)
)
15334362 [AWT-EventQueue-0] INFO  ca.sqlpower.architect.ddl.GenericDDLGenerator  - endStatement: 


ALTER TABLE Departement ADD CONSTRAINT region_departement_fk
FOREIGN KEY (reg_code)
REFERENCES Region (reg_code)
ON DELETE NO ACTION
ON UPDATE NO ACTION
15334362 [AWT-EventQueue-0] INFO  ca.sqlpower.architect.ddl.GenericDDLGenerator  - endStatement: 

ALTER TABLE Bien ADD CONSTRAINT region_bien_fk
FOREIGN KEY (reg_code)
REFERENCES Region (reg_code)
ON DELETE NO ACTION
ON UPDATE NO ACTION
15334362 [AWT-EventQueue-0] INFO  ca.sqlpower.architect.ddl.GenericDDLGenerator  - endStatement: 

ALTER TABLE Commune ADD CONSTRAINT departement_commune_fk
FOREIGN KEY (dep_code)
REFERENCES Departement (dep_code)
ON DELETE NO ACTION
ON UPDATE NO ACTION
15334363 [AWT-EventQueue-0] INFO  ca.sqlpower.architect.ddl.GenericDDLGenerator  - endStatement: 

ALTER TABLE Bien ADD CONSTRAINT commune_bien_fk
FOREIGN KEY (id_codedep_codecommune)
REFERENCES Commune (id_codedep_codecommune)
ON DELETE NO ACTION
ON UPDATE NO ACTION
15334363 [AWT-EventQueue-0] INFO  ca.sqlpower.architect.ddl.GenericDDLGenerator  - endStatement: 

ALTER TABLE Vente ADD CONSTRAINT bien_vente_fk
FOREIGN KEY (Id_bien)
REFERENCES Bien (Id_bien)
ON DELETE NO ACTION
ON UPDATE NO ACTION
15334368 [AWT-EventQueue-0] INFO  ca.sqlpower.architect.swingui.SQLScriptDialog  - The list size is :10
0    [AWT-EventQueue-0] INFO  ca.sqlpower.architect.ArchitectUtils  - Log4J configured successfully
429  [AWT-EventQueue-0] INFO  ca.sqlpower.sql.PlDotIni  - Beginning to read/merge new pl.ini data
511  [AWT-EventQueue-0] INFO  ca.sqlpower.sql.PlDotIni  - Finished reading file.
514  [AWT-EventQueue-0] INFO  ca.sqlpower.sql.PlDotIni  - Beginning to read/merge new pl.ini data
567  [AWT-EventQueue-0] INFO  ca.sqlpower.sql.PlDotIni  - Finished reading file.
22293 [Thread-5] ERROR ca.sqlpower.architect.swingui.action.CheckForUpdateAction  - Fail to retrieve current version number!
22466052 [AWT-EventQueue-0] INFO  ca.sqlpower.architect.ddl.GenericDDLGenerator  - endStatement: 
CREATE TABLE Region (
                reg_code INT NOT NULL,
                reg_nom VARCHAR(100) NOT NULL,
                PRIMARY KEY (reg_code)
)
22466055 [AWT-EventQueue-0] INFO  ca.sqlpower.architect.ddl.GenericDDLGenerator  - endStatement: 


CREATE TABLE Departement (
                dep_code CHAR(3) NOT NULL,
                reg_code INT NOT NULL,
                dep_nom VARCHAR(100) NOT NULL,
                PRIMARY KEY (dep_code)
)
22466055 [AWT-EventQueue-0] INFO  ca.sqlpower.architect.ddl.GenericDDLGenerator  - endStatement: 


CREATE TABLE Commune (
                id_codedep_codecommune CHAR(5) NOT NULL,
                dep_code CHAR(3) NOT NULL,
                com_nom VARCHAR(100) NOT NULL,
                PTOT INT NOT NULL,
                PRIMARY KEY (id_codedep_codecommune)
)
22466055 [AWT-EventQueue-0] INFO  ca.sqlpower.architect.ddl.GenericDDLGenerator  - endStatement: 


CREATE TABLE Bien (
                Id_bien VARCHAR(100) NOT NULL,
                id_codedep_codecommune CHAR(5) NOT NULL,
                No_voie INT NOT NULL,
                Type_de_voie VARCHAR(100) NOT NULL,
                Voie VARCHAR(100) NOT NULL,
                B_T_Q CHAR(1) NOT NULL,
                Surface_Carrez_du_1er_lot DOUBLE PRECISIONS NOT NULL,
                Surface_reelle_bati INT NOT NULL,
                Type_local VARCHAR(20) NOT NULL,
                Nombre_pieces_principales INT NOT NULL,
                PRIMARY KEY (Id_bien)
)
22466056 [AWT-EventQueue-0] INFO  ca.sqlpower.architect.ddl.GenericDDLGenerator  - endStatement: 


CREATE TABLE Vente (
                Id_vente BIGINT NOT NULL,
                Date_mutation DATE NOT NULL,
                Valeur_fonciere INT NOT NULL,
                Id_bien VARCHAR(100) NOT NULL,
                PRIMARY KEY (Id_vente)
)
22466060 [AWT-EventQueue-0] INFO  ca.sqlpower.architect.ddl.GenericDDLGenerator  - endStatement: 


ALTER TABLE Departement ADD CONSTRAINT region_departement_fk
FOREIGN KEY (reg_code)
REFERENCES Region (reg_code)
ON DELETE NO ACTION
ON UPDATE NO ACTION
22466061 [AWT-EventQueue-0] INFO  ca.sqlpower.architect.ddl.GenericDDLGenerator  - endStatement: 

ALTER TABLE Commune ADD CONSTRAINT departement_commune_fk
FOREIGN KEY (dep_code)
REFERENCES Departement (dep_code)
ON DELETE NO ACTION
ON UPDATE NO ACTION
22466062 [AWT-EventQueue-0] INFO  ca.sqlpower.architect.ddl.GenericDDLGenerator  - endStatement: 

ALTER TABLE Bien ADD CONSTRAINT commune_bien_fk
FOREIGN KEY (id_codedep_codecommune)
REFERENCES Commune (id_codedep_codecommune)
ON DELETE NO ACTION
ON UPDATE NO ACTION
22466063 [AWT-EventQueue-0] INFO  ca.sqlpower.architect.ddl.GenericDDLGenerator  - endStatement: 

ALTER TABLE Vente ADD CONSTRAINT bien_vente_fk
FOREIGN KEY (Id_bien)
REFERENCES Bien (Id_bien)
ON DELETE NO ACTION
ON UPDATE NO ACTION
22466072 [AWT-EventQueue-0] INFO  ca.sqlpower.architect.swingui.SQLScriptDialog  - The list size is :9
40282498 [AWT-EventQueue-0] INFO  ca.sqlpower.architect.ddl.GenericDDLGenerator  - endStatement: 
CREATE TABLE Region (
                reg_code INT NOT NULL,
                reg_nom VARCHAR(100) NOT NULL,
                PRIMARY KEY (reg_code)
)
40282504 [AWT-EventQueue-0] INFO  ca.sqlpower.architect.ddl.GenericDDLGenerator  - endStatement: 


CREATE TABLE Departement (
                dep_code CHAR(3) NOT NULL,
                reg_code INT NOT NULL,
                dep_nom VARCHAR(100) NOT NULL,
                PRIMARY KEY (dep_code)
)
40282505 [AWT-EventQueue-0] INFO  ca.sqlpower.architect.ddl.GenericDDLGenerator  - endStatement: 


CREATE TABLE Commune (
                id_codedep_codecommune CHAR(5) NOT NULL,
                dep_code CHAR(3) NOT NULL,
                com_nom VARCHAR(100) NOT NULL,
                PTOT INT NOT NULL,
                PRIMARY KEY (id_codedep_codecommune)
)
40282506 [AWT-EventQueue-0] INFO  ca.sqlpower.architect.ddl.GenericDDLGenerator  - endStatement: 


CREATE TABLE Bien (
                Id_bien VARCHAR(100) NOT NULL,
                id_codedep_codecommune CHAR(5) NOT NULL,
                No_voie INT NOT NULL,
                Type_de_voie VARCHAR(100) NOT NULL,
                Voie VARCHAR(100) NOT NULL,
                B_T_Q CHAR(1) NOT NULL,
                Surface_Carrez_du_1er_lot DOUBLE PRECISIONS NOT NULL,
                Surface_reelle_bati INT NOT NULL,
                Type_local VARCHAR(20) NOT NULL,
                Nombre_pieces_principales INT NOT NULL,
                PRIMARY KEY (Id_bien)
)
40282507 [AWT-EventQueue-0] INFO  ca.sqlpower.architect.ddl.GenericDDLGenerator  - endStatement: 


CREATE TABLE Vente (
                Id_vente BIGINT NOT NULL,
                Date_mutation DATE NOT NULL,
                Valeur_fonciere INT NOT NULL,
                Id_bien VARCHAR(100) NOT NULL,
                PRIMARY KEY (Id_vente)
)
40282507 [AWT-EventQueue-0] INFO  ca.sqlpower.architect.ddl.GenericDDLGenerator  - endStatement: 


ALTER TABLE Departement ADD CONSTRAINT region_departement_fk
FOREIGN KEY (reg_code)
REFERENCES Region (reg_code)
ON DELETE NO ACTION
ON UPDATE NO ACTION
40282507 [AWT-EventQueue-0] INFO  ca.sqlpower.architect.ddl.GenericDDLGenerator  - endStatement: 

ALTER TABLE Commune ADD CONSTRAINT departement_commune_fk
FOREIGN KEY (dep_code)
REFERENCES Departement (dep_code)
ON DELETE NO ACTION
ON UPDATE NO ACTION
40282508 [AWT-EventQueue-0] INFO  ca.sqlpower.architect.ddl.GenericDDLGenerator  - endStatement: 

ALTER TABLE Bien ADD CONSTRAINT commune_bien_fk
FOREIGN KEY (id_codedep_codecommune)
REFERENCES Commune (id_codedep_codecommune)
ON DELETE NO ACTION
ON UPDATE NO ACTION
40282508 [AWT-EventQueue-0] INFO  ca.sqlpower.architect.ddl.GenericDDLGenerator  - endStatement: 

ALTER TABLE Vente ADD CONSTRAINT bien_vente_fk
FOREIGN KEY (Id_bien)
REFERENCES Bien (Id_bien)
ON DELETE NO ACTION
ON UPDATE NO ACTION
40282511 [AWT-EventQueue-0] INFO  ca.sqlpower.architect.swingui.SQLScriptDialog  - The list size is :9
0    [AWT-EventQueue-0] INFO  ca.sqlpower.architect.ArchitectUtils  - Log4J configured successfully
410  [AWT-EventQueue-0] INFO  ca.sqlpower.sql.PlDotIni  - Beginning to read/merge new pl.ini data
516  [AWT-EventQueue-0] INFO  ca.sqlpower.sql.PlDotIni  - Finished reading file.
518  [AWT-EventQueue-0] INFO  ca.sqlpower.sql.PlDotIni  - Beginning to read/merge new pl.ini data
577  [AWT-EventQueue-0] INFO  ca.sqlpower.sql.PlDotIni  - Finished reading file.
22212 [Thread-5] ERROR ca.sqlpower.architect.swingui.action.CheckForUpdateAction  - Fail to retrieve current version number!
9033601 [AWT-EventQueue-0] INFO  ca.sqlpower.architect.ddl.GenericDDLGenerator  - endStatement: 
CREATE TABLE Region (
                reg_code INT NOT NULL,
                reg_nom VARCHAR(100) NOT NULL,
                PRIMARY KEY (reg_code)
)
9033601 [AWT-EventQueue-0] INFO  ca.sqlpower.architect.ddl.GenericDDLGenerator  - endStatement: 


CREATE TABLE Departement (
                dep_code CHAR(3) NOT NULL,
                reg_code INT NOT NULL,
                dep_nom VARCHAR(100) NOT NULL,
                PRIMARY KEY (dep_code)
)
9033601 [AWT-EventQueue-0] INFO  ca.sqlpower.architect.ddl.GenericDDLGenerator  - endStatement: 


CREATE TABLE Commune (
                id_codedep_codecommune CHAR(5) NOT NULL,
                dep_code CHAR(3) NOT NULL,
                com_nom VARCHAR(100) NOT NULL,
                PTOT INT NOT NULL,
                PRIMARY KEY (id_codedep_codecommune)
)
9033601 [AWT-EventQueue-0] INFO  ca.sqlpower.architect.ddl.GenericDDLGenerator  - endStatement: 


CREATE TABLE Bien (
                Id_bien VARCHAR(100) NOT NULL,
                id_codedep_codecommune CHAR(5) NOT NULL,
                No_voie INT NOT NULL,
                Type_de_voie VARCHAR(100) NOT NULL,
                Voie VARCHAR(100) NOT NULL,
                B_T_Q CHAR(1) NOT NULL,
                Surface_Carrez_du_1er_lot DOUBLE PRECISIONS NOT NULL,
                Surface_reelle_bati INT NOT NULL,
                Type_local VARCHAR(20) NOT NULL,
                Nombre_pieces_principales INT NOT NULL,
                PRIMARY KEY (Id_bien)
)
9033617 [AWT-EventQueue-0] INFO  ca.sqlpower.architect.ddl.GenericDDLGenerator  - endStatement: 


CREATE TABLE Vente (
                Id_vente BIGINT NOT NULL,
                Date_mutation DATE NOT NULL,
                Valeur_fonciere INT NOT NULL,
                Id_bien VARCHAR(100) NOT NULL,
                PRIMARY KEY (Id_vente)
)
9033617 [AWT-EventQueue-0] INFO  ca.sqlpower.architect.ddl.GenericDDLGenerator  - endStatement: 


ALTER TABLE Departement ADD CONSTRAINT region_departement_fk
FOREIGN KEY (reg_code)
REFERENCES Region (reg_code)
ON DELETE NO ACTION
ON UPDATE NO ACTION
9033617 [AWT-EventQueue-0] INFO  ca.sqlpower.architect.ddl.GenericDDLGenerator  - endStatement: 

ALTER TABLE Commune ADD CONSTRAINT departement_commune_fk
FOREIGN KEY (dep_code)
REFERENCES Departement (dep_code)
ON DELETE NO ACTION
ON UPDATE NO ACTION
9033617 [AWT-EventQueue-0] INFO  ca.sqlpower.architect.ddl.GenericDDLGenerator  - endStatement: 

ALTER TABLE Bien ADD CONSTRAINT commune_bien_fk
FOREIGN KEY (id_codedep_codecommune)
REFERENCES Commune (id_codedep_codecommune)
ON DELETE NO ACTION
ON UPDATE NO ACTION
9033627 [AWT-EventQueue-0] INFO  ca.sqlpower.architect.ddl.GenericDDLGenerator  - endStatement: 

ALTER TABLE Vente ADD CONSTRAINT bien_vente_fk
FOREIGN KEY (Id_bien)
REFERENCES Bien (Id_bien)
ON DELETE NO ACTION
ON UPDATE NO ACTION
9033633 [AWT-EventQueue-0] INFO  ca.sqlpower.architect.swingui.SQLScriptDialog  - The list size is :9
0    [AWT-EventQueue-0] INFO  ca.sqlpower.architect.ArchitectUtils  - Log4J configured successfully
441  [AWT-EventQueue-0] INFO  ca.sqlpower.sql.PlDotIni  - Beginning to read/merge new pl.ini data
523  [AWT-EventQueue-0] INFO  ca.sqlpower.sql.PlDotIni  - Finished reading file.
526  [AWT-EventQueue-0] INFO  ca.sqlpower.sql.PlDotIni  - Beginning to read/merge new pl.ini data
586  [AWT-EventQueue-0] INFO  ca.sqlpower.sql.PlDotIni  - Finished reading file.
0    [AWT-EventQueue-0] INFO  ca.sqlpower.architect.ArchitectUtils  - Log4J configured successfully
458  [AWT-EventQueue-0] INFO  ca.sqlpower.sql.PlDotIni  - Beginning to read/merge new pl.ini data
557  [AWT-EventQueue-0] INFO  ca.sqlpower.sql.PlDotIni  - Finished reading file.
558  [AWT-EventQueue-0] INFO  ca.sqlpower.sql.PlDotIni  - Beginning to read/merge new pl.ini data
623  [AWT-EventQueue-0] INFO  ca.sqlpower.sql.PlDotIni  - Finished reading file.
22311 [Thread-5] ERROR ca.sqlpower.architect.swingui.action.CheckForUpdateAction  - Fail to retrieve current version number!
0    [AWT-EventQueue-0] INFO  ca.sqlpower.architect.ArchitectUtils  - Log4J configured successfully
466  [AWT-EventQueue-0] INFO  ca.sqlpower.sql.PlDotIni  - Beginning to read/merge new pl.ini data
542  [AWT-EventQueue-0] INFO  ca.sqlpower.sql.PlDotIni  - Finished reading file.
544  [AWT-EventQueue-0] INFO  ca.sqlpower.sql.PlDotIni  - Beginning to read/merge new pl.ini data
593  [AWT-EventQueue-0] INFO  ca.sqlpower.sql.PlDotIni  - Finished reading file.
22453 [Thread-5] ERROR ca.sqlpower.architect.swingui.action.CheckForUpdateAction  - Fail to retrieve current version number!
1930224 [AWT-EventQueue-0] WARN  ca.sqlpower.sqlobject.ForeignKeyColumnUpdaterPoolingSPListener  - Warning: unknown SQLTypePhysicalProperties property name changed while monitoring pkTable
1930225 [AWT-EventQueue-0] WARN  ca.sqlpower.sqlobject.ForeignKeyColumnUpdaterPoolingSPListener  - Warning: unknown UserDefinedSQLType property myAutoIncrement changed while monitoring pkTable
1973714 [AWT-EventQueue-0] INFO  ca.sqlpower.architect.ddl.GenericDDLGenerator  - endStatement: 
CREATE TABLE Region (
                reg_code INT NOT NULL,
                reg_nom VARCHAR(100) NOT NULL,
                PRIMARY KEY (reg_code)
)
1973715 [AWT-EventQueue-0] INFO  ca.sqlpower.architect.ddl.GenericDDLGenerator  - endStatement: 


CREATE TABLE Departement (
                dep_code CHAR(3) NOT NULL,
                reg_code INT NOT NULL,
                dep_nom VARCHAR(100) NOT NULL,
                PRIMARY KEY (dep_code)
)
1973715 [AWT-EventQueue-0] INFO  ca.sqlpower.architect.ddl.GenericDDLGenerator  - endStatement: 


CREATE TABLE Commune (
                id_codedep_codecommune CHAR(5) NOT NULL,
                dep_code CHAR(3) NOT NULL,
                com_nom VARCHAR(100) NOT NULL,
                PTOT INT NOT NULL,
                PRIMARY KEY (id_codedep_codecommune)
)
1973716 [AWT-EventQueue-0] INFO  ca.sqlpower.architect.ddl.GenericDDLGenerator  - endStatement: 


CREATE TABLE Bien (
                Id_bien BIGINT NOT NULL,
                id_codedep_codecommune CHAR(5) NOT NULL,
                No_voie INT NOT NULL,
                Type_de_voie VARCHAR(100) NOT NULL,
                Voie VARCHAR(100) NOT NULL,
                B_T_Q CHAR(1) NOT NULL,
                Surface_Carrez_du_1er_lot DOUBLE PRECISIONS NOT NULL,
                Surface_reelle_bati INT NOT NULL,
                Type_local VARCHAR(20) NOT NULL,
                Nombre_pieces_principales INT NOT NULL,
                PRIMARY KEY (Id_bien)
)
1973716 [AWT-EventQueue-0] INFO  ca.sqlpower.architect.ddl.GenericDDLGenerator  - endStatement: 


CREATE TABLE Vente (
                Id_vente BIGINT NOT NULL,
                Date_mutation DATE NOT NULL,
                Valeur_fonciere INT NOT NULL,
                Id_bien BIGINT NOT NULL,
                PRIMARY KEY (Id_vente)
)
1973717 [AWT-EventQueue-0] INFO  ca.sqlpower.architect.ddl.GenericDDLGenerator  - endStatement: 


ALTER TABLE Departement ADD CONSTRAINT region_departement_fk
FOREIGN KEY (reg_code)
REFERENCES Region (reg_code)
ON DELETE NO ACTION
ON UPDATE NO ACTION
1973718 [AWT-EventQueue-0] INFO  ca.sqlpower.architect.ddl.GenericDDLGenerator  - endStatement: 

ALTER TABLE Commune ADD CONSTRAINT departement_commune_fk
FOREIGN KEY (dep_code)
REFERENCES Departement (dep_code)
ON DELETE NO ACTION
ON UPDATE NO ACTION
1973718 [AWT-EventQueue-0] INFO  ca.sqlpower.architect.ddl.GenericDDLGenerator  - endStatement: 

ALTER TABLE Bien ADD CONSTRAINT commune_bien_fk
FOREIGN KEY (id_codedep_codecommune)
REFERENCES Commune (id_codedep_codecommune)
ON DELETE NO ACTION
ON UPDATE NO ACTION
1973719 [AWT-EventQueue-0] INFO  ca.sqlpower.architect.ddl.GenericDDLGenerator  - endStatement: 

ALTER TABLE Vente ADD CONSTRAINT bien_vente_fk
FOREIGN KEY (Id_bien)
REFERENCES Bien (Id_bien)
ON DELETE NO ACTION
ON UPDATE NO ACTION
1973726 [AWT-EventQueue-0] INFO  ca.sqlpower.architect.swingui.SQLScriptDialog  - The list size is :9
0    [AWT-EventQueue-0] INFO  ca.sqlpower.architect.ArchitectUtils  - Log4J configured successfully
450  [AWT-EventQueue-0] INFO  ca.sqlpower.sql.PlDotIni  - Beginning to read/merge new pl.ini data
524  [AWT-EventQueue-0] INFO  ca.sqlpower.sql.PlDotIni  - Finished reading file.
526  [AWT-EventQueue-0] INFO  ca.sqlpower.sql.PlDotIni  - Beginning to read/merge new pl.ini data
581  [AWT-EventQueue-0] INFO  ca.sqlpower.sql.PlDotIni  - Finished reading file.
22291 [Thread-5] ERROR ca.sqlpower.architect.swingui.action.CheckForUpdateAction  - Fail to retrieve current version number!
0    [AWT-EventQueue-0] INFO  ca.sqlpower.architect.ArchitectUtils  - Log4J configured successfully
620  [AWT-EventQueue-0] INFO  ca.sqlpower.sql.PlDotIni  - Beginning to read/merge new pl.ini data
694  [AWT-EventQueue-0] INFO  ca.sqlpower.sql.PlDotIni  - Finished reading file.
696  [AWT-EventQueue-0] INFO  ca.sqlpower.sql.PlDotIni  - Beginning to read/merge new pl.ini data
748  [AWT-EventQueue-0] INFO  ca.sqlpower.sql.PlDotIni  - Finished reading file.
0    [AWT-EventQueue-0] INFO  ca.sqlpower.architect.ArchitectUtils  - Log4J configured successfully
696  [AWT-EventQueue-0] INFO  ca.sqlpower.sql.PlDotIni  - Beginning to read/merge new pl.ini data
785  [AWT-EventQueue-0] INFO  ca.sqlpower.sql.PlDotIni  - Finished reading file.
785  [AWT-EventQueue-0] INFO  ca.sqlpower.sql.PlDotIni  - Beginning to read/merge new pl.ini data
852  [AWT-EventQueue-0] INFO  ca.sqlpower.sql.PlDotIni  - Finished reading file.
22730 [Thread-5] ERROR ca.sqlpower.architect.swingui.action.CheckForUpdateAction  - Fail to retrieve current version number!
494518 [AWT-EventQueue-0] INFO  ca.sqlpower.architect.ddl.GenericDDLGenerator  - endStatement: 
CREATE TABLE Region (
                reg_code INT NOT NULL,
                reg_nom VARCHAR(100) NOT NULL,
                PRIMARY KEY (reg_code)
)
494518 [AWT-EventQueue-0] INFO  ca.sqlpower.architect.ddl.GenericDDLGenerator  - endStatement: 


CREATE TABLE Departement (
                dep_code CHAR(3) NOT NULL,
                reg_code INT NOT NULL,
                dep_nom VARCHAR(100) NOT NULL,
                PRIMARY KEY (dep_code)
)
494518 [AWT-EventQueue-0] INFO  ca.sqlpower.architect.ddl.GenericDDLGenerator  - endStatement: 


CREATE TABLE Commune (
                id_codedep_codecommune CHAR(5) NOT NULL,
                dep_code CHAR(3) NOT NULL,
                com_nom VARCHAR(100) NOT NULL,
                PTOT INT NOT NULL,
                PRIMARY KEY (id_codedep_codecommune)
)
494518 [AWT-EventQueue-0] INFO  ca.sqlpower.architect.ddl.GenericDDLGenerator  - endStatement: 


CREATE TABLE Bien (
                Id_bien BIGINT NOT NULL,
                id_codedep_codecommune CHAR(5) NOT NULL,
                No_voie INT NOT NULL,
                Type_de_voie VARCHAR(100) NOT NULL,
                Voie VARCHAR(100) NOT NULL,
                B_T_Q CHAR(1) NOT NULL,
                Surface_Carrez_du_1er_lot DOUBLE PRECISIONS NOT NULL,
                Surface_reelle_bati INT NOT NULL,
                Type_local VARCHAR(20) NOT NULL,
                Nombre_pieces_principales INT NOT NULL,
                PRIMARY KEY (Id_bien)
)
494518 [AWT-EventQueue-0] INFO  ca.sqlpower.architect.ddl.GenericDDLGenerator  - endStatement: 


CREATE TABLE Vente (
                Id_vente BIGINT NOT NULL,
                Date_mutation DATE NOT NULL,
                Valeur_fonciere INT NOT NULL,
                Id_bien BIGINT NOT NULL,
                PRIMARY KEY (Id_vente)
)
494518 [AWT-EventQueue-0] INFO  ca.sqlpower.architect.ddl.GenericDDLGenerator  - endStatement: 


ALTER TABLE Departement ADD CONSTRAINT region_departement_fk
FOREIGN KEY (reg_code)
REFERENCES Region (reg_code)
ON DELETE NO ACTION
ON UPDATE NO ACTION
494518 [AWT-EventQueue-0] INFO  ca.sqlpower.architect.ddl.GenericDDLGenerator  - endStatement: 

ALTER TABLE Commune ADD CONSTRAINT departement_commune_fk
FOREIGN KEY (dep_code)
REFERENCES Departement (dep_code)
ON DELETE NO ACTION
ON UPDATE NO ACTION
494518 [AWT-EventQueue-0] INFO  ca.sqlpower.architect.ddl.GenericDDLGenerator  - endStatement: 

ALTER TABLE Bien ADD CONSTRAINT commune_bien_fk
FOREIGN KEY (id_codedep_codecommune)
REFERENCES Commune (id_codedep_codecommune)
ON DELETE NO ACTION
ON UPDATE NO ACTION
494532 [AWT-EventQueue-0] INFO  ca.sqlpower.architect.ddl.GenericDDLGenerator  - endStatement: 

ALTER TABLE Vente ADD CONSTRAINT bien_vente_fk
FOREIGN KEY (Id_bien)
REFERENCES Bien (Id_bien)
ON DELETE NO ACTION
ON UPDATE NO ACTION
494534 [AWT-EventQueue-0] INFO  ca.sqlpower.architect.swingui.SQLScriptDialog  - The list size is :9
0    [AWT-EventQueue-0] INFO  ca.sqlpower.architect.ArchitectUtils  - Log4J configured successfully
500  [AWT-EventQueue-0] INFO  ca.sqlpower.sql.PlDotIni  - Beginning to read/merge new pl.ini data
593  [AWT-EventQueue-0] INFO  ca.sqlpower.sql.PlDotIni  - Finished reading file.
596  [AWT-EventQueue-0] INFO  ca.sqlpower.sql.PlDotIni  - Beginning to read/merge new pl.ini data
654  [AWT-EventQueue-0] INFO  ca.sqlpower.sql.PlDotIni  - Finished reading file.
22306 [Thread-5] ERROR ca.sqlpower.architect.swingui.action.CheckForUpdateAction  - Fail to retrieve current version number!
0    [AWT-EventQueue-0] INFO  ca.sqlpower.architect.ArchitectUtils  - Log4J configured successfully
654  [AWT-EventQueue-0] INFO  ca.sqlpower.sql.PlDotIni  - Beginning to read/merge new pl.ini data
802  [AWT-EventQueue-0] INFO  ca.sqlpower.sql.PlDotIni  - Finished reading file.
812  [AWT-EventQueue-0] INFO  ca.sqlpower.sql.PlDotIni  - Beginning to read/merge new pl.ini data
888  [AWT-EventQueue-0] INFO  ca.sqlpower.sql.PlDotIni  - Finished reading file.
17661 [AWT-EventQueue-0] INFO  ca.sqlpower.architect.ddl.GenericDDLGenerator  - endStatement: 
CREATE TABLE Region (
                reg_code INT NOT NULL,
                reg_nom VARCHAR(100) NOT NULL,
                PRIMARY KEY (reg_code)
)
17661 [AWT-EventQueue-0] INFO  ca.sqlpower.architect.ddl.GenericDDLGenerator  - endStatement: 


CREATE TABLE Departement (
                dep_code CHAR(3) NOT NULL,
                reg_code INT NOT NULL,
                dep_nom VARCHAR(100) NOT NULL,
                PRIMARY KEY (dep_code)
)
17662 [AWT-EventQueue-0] INFO  ca.sqlpower.architect.ddl.GenericDDLGenerator  - endStatement: 


CREATE TABLE Commune (
                id_codedep_codecommune CHAR(5) NOT NULL,
                dep_code CHAR(3) NOT NULL,
                com_nom VARCHAR(100) NOT NULL,
                PTOT INT NOT NULL,
                PRIMARY KEY (id_codedep_codecommune)
)
17662 [AWT-EventQueue-0] INFO  ca.sqlpower.architect.ddl.GenericDDLGenerator  - endStatement: 


CREATE TABLE Bien (
                Id_bien BIGINT NOT NULL,
                id_codedep_codecommune CHAR(5) NOT NULL,
                No_voie INT NOT NULL,
                Type_de_voie VARCHAR(100) NOT NULL,
                Voie VARCHAR(100) NOT NULL,
                B_T_Q CHAR(1) NOT NULL,
                Surface_Carrez_du_1er_lot DOUBLE PRECISIONS NOT NULL,
                Surface_reelle_bati INT NOT NULL,
                Type_local VARCHAR(20) NOT NULL,
                Nombre_pieces_principales INT NOT NULL,
                PRIMARY KEY (Id_bien)
)
17662 [AWT-EventQueue-0] INFO  ca.sqlpower.architect.ddl.GenericDDLGenerator  - endStatement: 


CREATE TABLE Vente (
                Id_vente BIGINT NOT NULL,
                Date_mutation DATE NOT NULL,
                Valeur_fonciere INT NOT NULL,
                Id_bien BIGINT NOT NULL,
                PRIMARY KEY (Id_vente)
)
17667 [AWT-EventQueue-0] INFO  ca.sqlpower.architect.ddl.GenericDDLGenerator  - endStatement: 


ALTER TABLE Departement ADD CONSTRAINT region_departement_fk
FOREIGN KEY (reg_code)
REFERENCES Region (reg_code)
ON DELETE NO ACTION
ON UPDATE NO ACTION
17669 [AWT-EventQueue-0] INFO  ca.sqlpower.architect.ddl.GenericDDLGenerator  - endStatement: 

ALTER TABLE Commune ADD CONSTRAINT departement_commune_fk
FOREIGN KEY (dep_code)
REFERENCES Departement (dep_code)
ON DELETE NO ACTION
ON UPDATE NO ACTION
17673 [AWT-EventQueue-0] INFO  ca.sqlpower.architect.ddl.GenericDDLGenerator  - endStatement: 

ALTER TABLE Bien ADD CONSTRAINT commune_bien_fk
FOREIGN KEY (id_codedep_codecommune)
REFERENCES Commune (id_codedep_codecommune)
ON DELETE NO ACTION
ON UPDATE NO ACTION
17674 [AWT-EventQueue-0] INFO  ca.sqlpower.architect.ddl.GenericDDLGenerator  - endStatement: 

ALTER TABLE Vente ADD CONSTRAINT bien_vente_fk
FOREIGN KEY (Id_bien)
REFERENCES Bien (Id_bien)
ON DELETE NO ACTION
ON UPDATE NO ACTION
17681 [AWT-EventQueue-0] INFO  ca.sqlpower.architect.swingui.SQLScriptDialog  - The list size is :9
22634 [Thread-5] ERROR ca.sqlpower.architect.swingui.action.CheckForUpdateAction  - Fail to retrieve current version number!
